2022-11-05 13:29:59,093  INFO [TestNG-test=chromeTest-1] Sauce_Demo_Project1:38 - Open the browser
2022-11-05 13:29:59,096  INFO [TestNG-test=chromeTest-3] Sauce_Demo_Project1:38 - Open the browser
2022-11-05 13:29:59,095  INFO [TestNG-test=chromeTest-2] Sauce_Demo_Project1:38 - Open the browser
2022-11-05 13:29:59,144  INFO [TestNG-test=chromeTest-4] Sauce_Demo_Project1:38 - Open the browser
2022-11-05 13:30:00,180  INFO [TestNG-test=chromeTest-3] Sauce_Demo_Project1:40 - maximize the window
2022-11-05 13:30:00,396  INFO [TestNG-test=chromeTest-2] Sauce_Demo_Project1:40 - maximize the window
2022-11-05 13:30:00,492  INFO [TestNG-test=chromeTest-1] Sauce_Demo_Project1:40 - maximize the window
2022-11-05 13:30:00,597  INFO [TestNG-test=chromeTest-4] Sauce_Demo_Project1:40 - maximize the window
2022-11-05 13:30:04,260  INFO [TestNG-test=chromeTest-3] Sauce_Demo_Project1:42 - URL opened
2022-11-05 13:30:04,288  INFO [TestNG-test=chromeTest-4] Sauce_Demo_Project1:42 - URL opened
2022-11-05 13:30:04,322  INFO [TestNG-test=chromeTest-1] Sauce_Demo_Project1:42 - URL opened
2022-11-05 13:30:04,391  INFO [TestNG-test=chromeTest-2] Sauce_Demo_Project1:42 - URL opened
2022-11-05 13:30:10,815  INFO [TestNG-test=chromeTest-1] Sauce_Demo_Project1:20 - iteam added to cart
2022-11-05 13:30:12,627  INFO [TestNG-test=chromeTest-1] Sauce_Demo_Project1:22 - click on bucket
2022-11-05 13:30:14,070  INFO [TestNG-test=chromeTest-1] Sauce_Demo_Project1:25 - click out button 
2022-11-05 13:30:14,639  INFO [TestNG-test=chromeTest-1] Sauce_Demo_Project1:27 -  Enter first name 
2022-11-05 13:30:15,072  INFO [TestNG-test=chromeTest-1] Sauce_Demo_Project1:29 -  Enter las name 
2022-11-05 13:30:15,453  INFO [TestNG-test=chromeTest-1] Sauce_Demo_Project1:31 -  Enter postal code 
2022-11-05 13:30:15,690  INFO [TestNG-test=chromeTest-1] Sauce_Demo_Project1:33 - click on continue
2022-11-05 13:30:15,872  INFO [TestNG-test=chromeTest-1] Sauce_Demo_Project1:35 - click on finish 
2022-11-05 13:30:38,489  INFO [TestNG-test=firefoxTest-1] Sauce_Demo_Project1:38 - Open the browser
2022-11-05 13:30:38,507  INFO [TestNG-test=firefoxTest-3] Sauce_Demo_Project1:38 - Open the browser
2022-11-05 13:30:38,530  INFO [TestNG-test=firefoxTest-1] Sauce_Demo_Project1:40 - maximize the window
2022-11-05 13:30:38,593  INFO [TestNG-test=firefoxTest-3] Sauce_Demo_Project1:40 - maximize the window
2022-11-05 13:30:40,052  INFO [TestNG-test=firefoxTest-4] Sauce_Demo_Project1:38 - Open the browser
2022-11-05 13:30:40,221  INFO [TestNG-test=firefoxTest-4] Sauce_Demo_Project1:40 - maximize the window
2022-11-05 13:30:41,372  INFO [TestNG-test=firefoxTest-2] Sauce_Demo_Project1:38 - Open the browser
2022-11-05 13:30:41,380  INFO [TestNG-test=firefoxTest-2] Sauce_Demo_Project1:40 - maximize the window
2022-11-05 13:30:44,013  INFO [TestNG-test=firefoxTest-1] Sauce_Demo_Project1:42 - URL opened
2022-11-05 13:30:44,185  INFO [TestNG-test=firefoxTest-3] Sauce_Demo_Project1:42 - URL opened
2022-11-05 13:30:44,330  INFO [TestNG-test=firefoxTest-4] Sauce_Demo_Project1:42 - URL opened
2022-11-05 13:30:45,246  INFO [TestNG-test=firefoxTest-2] Sauce_Demo_Project1:42 - URL opened
2022-11-05 13:30:47,421  INFO [TestNG-test=firefoxTest-1] Sauce_Demo_Project1:20 - iteam added to cart
2022-11-05 13:30:47,805  INFO [TestNG-test=firefoxTest-1] Sauce_Demo_Project1:22 - click on bucket
2022-11-05 13:30:48,309  INFO [TestNG-test=firefoxTest-1] Sauce_Demo_Project1:25 - click out button 
2022-11-05 13:30:48,603  INFO [TestNG-test=firefoxTest-1] Sauce_Demo_Project1:27 -  Enter first name 
2022-11-05 13:30:48,937  INFO [TestNG-test=firefoxTest-1] Sauce_Demo_Project1:29 -  Enter las name 
2022-11-05 13:30:49,401  INFO [TestNG-test=firefoxTest-1] Sauce_Demo_Project1:31 -  Enter postal code 
2022-11-05 13:30:49,928  INFO [TestNG-test=firefoxTest-1] Sauce_Demo_Project1:33 - click on continue
2022-11-05 13:30:50,263  INFO [TestNG-test=firefoxTest-1] Sauce_Demo_Project1:35 - click on finish 
2022-11-05 13:33:44,486  INFO [TestNG-test=chromeTest-1] Sauce_Demo_Project1:38 - Open the browser
2022-11-05 13:33:45,532  INFO [TestNG-test=chromeTest-1] Sauce_Demo_Project1:40 - maximize the window
2022-11-05 13:33:45,803  INFO [TestNG-test=chromeTest-4] Sauce_Demo_Project1:38 - Open the browser
2022-11-05 13:33:45,907  INFO [TestNG-test=chromeTest-3] Sauce_Demo_Project1:38 - Open the browser
2022-11-05 13:33:46,051  INFO [TestNG-test=chromeTest-2] Sauce_Demo_Project1:38 - Open the browser
2022-11-05 13:33:47,432  INFO [TestNG-test=chromeTest-4] Sauce_Demo_Project1:40 - maximize the window
2022-11-05 13:33:47,576  INFO [TestNG-test=chromeTest-3] Sauce_Demo_Project1:40 - maximize the window
2022-11-05 13:33:47,963  INFO [TestNG-test=chromeTest-1] Sauce_Demo_Project1:42 - URL opened
2022-11-05 13:33:48,052  INFO [TestNG-test=chromeTest-2] Sauce_Demo_Project1:40 - maximize the window
2022-11-05 13:33:50,802  INFO [TestNG-test=chromeTest-4] Sauce_Demo_Project1:42 - URL opened
2022-11-05 13:33:50,815  INFO [TestNG-test=chromeTest-3] Sauce_Demo_Project1:42 - URL opened
2022-11-05 13:33:50,868  INFO [TestNG-test=chromeTest-2] Sauce_Demo_Project1:42 - URL opened
2022-11-05 13:33:59,592  INFO [TestNG-test=chromeTest-1] Sauce_Demo_Project1:20 - iteam added to cart
2022-11-05 13:33:59,859  INFO [TestNG-test=chromeTest-1] Sauce_Demo_Project1:22 - click on bucket
2022-11-05 13:34:00,308  INFO [TestNG-test=chromeTest-1] Sauce_Demo_Project1:25 - click out button 
2022-11-05 13:34:01,055  INFO [TestNG-test=chromeTest-1] Sauce_Demo_Project1:27 -  Enter first name 
2022-11-05 13:34:01,615  INFO [TestNG-test=chromeTest-1] Sauce_Demo_Project1:29 -  Enter las name 
2022-11-05 13:34:01,977  INFO [TestNG-test=chromeTest-1] Sauce_Demo_Project1:31 -  Enter postal code 
2022-11-05 13:34:02,270  INFO [TestNG-test=chromeTest-1] Sauce_Demo_Project1:33 - click on continue
2022-11-05 13:34:02,516  INFO [TestNG-test=chromeTest-1] Sauce_Demo_Project1:35 - click on finish 
2022-11-05 13:34:22,651  INFO [TestNG-test=firefoxTest-1] Sauce_Demo_Project1:38 - Open the browser
2022-11-05 13:34:22,992  INFO [TestNG-test=firefoxTest-1] Sauce_Demo_Project1:40 - maximize the window
2022-11-05 13:34:25,634  INFO [TestNG-test=firefoxTest-1] Sauce_Demo_Project1:42 - URL opened
2022-11-05 13:34:27,939  INFO [TestNG-test=firefoxTest-1] Sauce_Demo_Project1:20 - iteam added to cart
2022-11-05 13:34:28,452  INFO [TestNG-test=firefoxTest-1] Sauce_Demo_Project1:22 - click on bucket
2022-11-05 13:34:29,241  INFO [TestNG-test=firefoxTest-1] Sauce_Demo_Project1:25 - click out button 
2022-11-05 13:34:29,327  INFO [TestNG-test=firefoxTest-1] Sauce_Demo_Project1:27 -  Enter first name 
2022-11-05 13:34:29,404  INFO [TestNG-test=firefoxTest-1] Sauce_Demo_Project1:29 -  Enter las name 
2022-11-05 13:34:29,458  INFO [TestNG-test=firefoxTest-1] Sauce_Demo_Project1:31 -  Enter postal code 
2022-11-05 13:34:29,718  INFO [TestNG-test=firefoxTest-1] Sauce_Demo_Project1:33 - click on continue
2022-11-05 13:34:30,451  INFO [TestNG-test=firefoxTest-1] Sauce_Demo_Project1:35 - click on finish 
2022-11-05 13:34:45,255  INFO [TestNG-test=firefoxTest-4] Sauce_Demo_Project1:38 - Open the browser
2022-11-05 13:34:45,268  INFO [TestNG-test=firefoxTest-4] Sauce_Demo_Project1:40 - maximize the window
2022-11-05 13:34:45,636  INFO [TestNG-test=firefoxTest-2] Sauce_Demo_Project1:38 - Open the browser
2022-11-05 13:34:45,651  INFO [TestNG-test=firefoxTest-2] Sauce_Demo_Project1:40 - maximize the window
2022-11-05 13:34:45,847  INFO [TestNG-test=firefoxTest-3] Sauce_Demo_Project1:38 - Open the browser
2022-11-05 13:34:46,159  INFO [TestNG-test=firefoxTest-3] Sauce_Demo_Project1:40 - maximize the window
2022-11-05 13:34:47,557  INFO [TestNG-test=firefoxTest-4] Sauce_Demo_Project1:42 - URL opened
2022-11-05 13:34:48,028  INFO [TestNG-test=firefoxTest-2] Sauce_Demo_Project1:42 - URL opened
2022-11-05 13:34:48,193  INFO [TestNG-test=firefoxTest-3] Sauce_Demo_Project1:42 - URL opened
